C:\Program Files\Microsoft Visual Studio\2022\Enterprise\MSBuild\Microsoft\VC\v170\Microsoft.CppBuild.targets(534,5): warning MSB8028: The intermediate directory (Debug\) contains files shared from another project (Win32SimpleSample.vcxproj).  This can lead to incorrect clean and rebuild behavior.
  DisplayChunk.cpp
M:\CMP405 Tools\Week 6\WFFC-Edit\WOFFCEdit\DisplayChunk.cpp(14,50): warning C4305: '=': truncation from 'double' to 'float'
M:\CMP405 Tools\Week 6\WFFC-Edit\WOFFCEdit\DisplayChunk.cpp(15,49): warning C4244: '=': conversion from 'int' to 'float', possible loss of data
M:\CMP405 Tools\Week 6\WFFC-Edit\WOFFCEdit\DisplayChunk.cpp(74,185): warning C4244: 'argument': conversion from 'double' to 'float', possible loss of data
M:\CMP405 Tools\Week 6\WFFC-Edit\WOFFCEdit\DisplayChunk.cpp(74,81): warning C4244: 'argument': conversion from 'double' to 'float', possible loss of data
M:\CMP405 Tools\Week 6\WFFC-Edit\WOFFCEdit\DisplayChunk.cpp(94,10): warning C4996: 'fopen': This function or variable may be unsafe. Consider using fopen_s instead. To disable deprecation, use _CRT_SECURE_NO_WARNINGS. See online help for details.
M:\CMP405 Tools\Week 6\WFFC-Edit\WOFFCEdit\DisplayChunk.cpp(152,10): warning C4996: 'fopen': This function or variable may be unsafe. Consider using fopen_s instead. To disable deprecation, use _CRT_SECURE_NO_WARNINGS. See online help for details.
M:\CMP405 Tools\Week 6\WFFC-Edit\WOFFCEdit\DisplayChunk.cpp(189,30): warning C4101: 'index4': unreferenced local variable
M:\CMP405 Tools\Week 6\WFFC-Edit\WOFFCEdit\DisplayChunk.cpp(189,14): warning C4101: 'index2': unreferenced local variable
M:\CMP405 Tools\Week 6\WFFC-Edit\WOFFCEdit\DisplayChunk.cpp(189,22): warning C4101: 'index3': unreferenced local variable
M:\CMP405 Tools\Week 6\WFFC-Edit\WOFFCEdit\DisplayChunk.cpp(189,6): warning C4101: 'index1': unreferenced local variable
  Game.cpp
M:\CMP405 Tools\Week 6\WFFC-Edit\WOFFCEdit\Game.cpp(28,20): warning C4305: '=': truncation from 'double' to 'float'
M:\CMP405 Tools\Week 6\WFFC-Edit\WOFFCEdit\Game.cpp(175,28): warning C4244: '=': conversion from 'double' to 'float', possible loss of data
M:\CMP405 Tools\Week 6\WFFC-Edit\WOFFCEdit\Game.cpp(176,28): warning C4244: '=': conversion from 'double' to 'float', possible loss of data
M:\CMP405 Tools\Week 6\WFFC-Edit\WOFFCEdit\Game.cpp(177,28): warning C4244: '=': conversion from 'double' to 'float', possible loss of data
M:\CMP405 Tools\Week 6\WFFC-Edit\WOFFCEdit\Game.cpp(282,57): warning C4244: 'argument': conversion from 'double' to 'float', possible loss of data
M:\CMP405 Tools\Week 6\WFFC-Edit\WOFFCEdit\Game.cpp(281,57): warning C4244: 'argument': conversion from 'double' to 'float', possible loss of data
M:\CMP405 Tools\Week 6\WFFC-Edit\WOFFCEdit\Game.cpp(280,97): warning C4244: 'argument': conversion from 'double' to 'float', possible loss of data
M:\CMP405 Tools\Week 6\WFFC-Edit\WOFFCEdit\Game.cpp(266,10): warning C4101: 'Buffer': unreferenced local variable
M:\CMP405 Tools\Week 6\WFFC-Edit\WOFFCEdit\Game.cpp(523,82): warning C4244: 'argument': conversion from 'int' to 'float', possible loss of data
M:\CMP405 Tools\Week 6\WFFC-Edit\WOFFCEdit\Game.cpp(523,57): warning C4244: 'argument': conversion from 'int' to 'float', possible loss of data
M:\CMP405 Tools\Week 6\WFFC-Edit\WOFFCEdit\Game.cpp(524,81): warning C4244: 'argument': conversion from 'int' to 'float', possible loss of data
M:\CMP405 Tools\Week 6\WFFC-Edit\WOFFCEdit\Game.cpp(524,56): warning C4244: 'argument': conversion from 'int' to 'float', possible loss of data
M:\CMP405 Tools\Week 6\WFFC-Edit\WOFFCEdit\Game.cpp(527,20): warning C4018: '<': signed/unsigned mismatch
M:\CMP405 Tools\Week 6\WFFC-Edit\WOFFCEdit\Game.cpp(536,46): warning C4244: 'argument': conversion from 'double' to 'float', possible loss of data
M:\CMP405 Tools\Week 6\WFFC-Edit\WOFFCEdit\Game.cpp(535,46): warning C4244: 'argument': conversion from 'double' to 'float', possible loss of data
M:\CMP405 Tools\Week 6\WFFC-Edit\WOFFCEdit\Game.cpp(534,98): warning C4244: 'argument': conversion from 'double' to 'float', possible loss of data
M:\CMP405 Tools\Week 6\WFFC-Edit\WOFFCEdit\Game.cpp(542,111): warning C4244: 'argument': conversion from 'LONG' to 'float', possible loss of data
M:\CMP405 Tools\Week 6\WFFC-Edit\WOFFCEdit\Game.cpp(542,85): warning C4244: 'argument': conversion from 'LONG' to 'float', possible loss of data
M:\CMP405 Tools\Week 6\WFFC-Edit\WOFFCEdit\Game.cpp(543,109): warning C4244: 'argument': conversion from 'LONG' to 'float', possible loss of data
M:\CMP405 Tools\Week 6\WFFC-Edit\WOFFCEdit\Game.cpp(543,83): warning C4244: 'argument': conversion from 'LONG' to 'float', possible loss of data
M:\CMP405 Tools\Week 6\WFFC-Edit\WOFFCEdit\Game.cpp(550,21): warning C4018: '<': signed/unsigned mismatch
  MFCFrame.cpp
  _WIN32_WINNT not defined. Defaulting to _WIN32_WINNT_MAXVER (see WinSDKVer.h)
  MFCMain.cpp
  _WIN32_WINNT not defined. Defaulting to _WIN32_WINNT_MAXVER (see WinSDKVer.h)
  Main.cpp
  _WIN32_WINNT not defined. Defaulting to _WIN32_WINNT_MAXVER (see WinSDKVer.h)
  ToolMain.cpp
  _WIN32_WINNT not defined. Defaulting to _WIN32_WINNT_MAXVER (see WinSDKVer.h)
M:\CMP405 Tools\Week 6\WFFC-Edit\WOFFCEdit\ToolMain.cpp(98,46): warning C4244: '=': conversion from 'double' to 'float', possible loss of data
M:\CMP405 Tools\Week 6\WFFC-Edit\WOFFCEdit\ToolMain.cpp(99,46): warning C4244: '=': conversion from 'double' to 'float', possible loss of data
M:\CMP405 Tools\Week 6\WFFC-Edit\WOFFCEdit\ToolMain.cpp(100,46): warning C4244: '=': conversion from 'double' to 'float', possible loss of data
M:\CMP405 Tools\Week 6\WFFC-Edit\WOFFCEdit\ToolMain.cpp(101,46): warning C4244: '=': conversion from 'double' to 'float', possible loss of data
M:\CMP405 Tools\Week 6\WFFC-Edit\WOFFCEdit\ToolMain.cpp(102,46): warning C4244: '=': conversion from 'double' to 'float', possible loss of data
M:\CMP405 Tools\Week 6\WFFC-Edit\WOFFCEdit\ToolMain.cpp(103,46): warning C4244: '=': conversion from 'double' to 'float', possible loss of data
M:\CMP405 Tools\Week 6\WFFC-Edit\WOFFCEdit\ToolMain.cpp(104,46): warning C4244: '=': conversion from 'double' to 'float', possible loss of data
M:\CMP405 Tools\Week 6\WFFC-Edit\WOFFCEdit\ToolMain.cpp(105,46): warning C4244: '=': conversion from 'double' to 'float', possible loss of data
M:\CMP405 Tools\Week 6\WFFC-Edit\WOFFCEdit\ToolMain.cpp(106,46): warning C4244: '=': conversion from 'double' to 'float', possible loss of data
M:\CMP405 Tools\Week 6\WFFC-Edit\WOFFCEdit\ToolMain.cpp(118,48): warning C4244: '=': conversion from 'double' to 'float', possible loss of data
M:\CMP405 Tools\Week 6\WFFC-Edit\WOFFCEdit\ToolMain.cpp(119,48): warning C4244: '=': conversion from 'double' to 'float', possible loss of data
M:\CMP405 Tools\Week 6\WFFC-Edit\WOFFCEdit\ToolMain.cpp(120,48): warning C4244: '=': conversion from 'double' to 'float', possible loss of data
M:\CMP405 Tools\Week 6\WFFC-Edit\WOFFCEdit\ToolMain.cpp(124,48): warning C4244: '=': conversion from 'double' to 'float', possible loss of data
M:\CMP405 Tools\Week 6\WFFC-Edit\WOFFCEdit\ToolMain.cpp(125,47): warning C4244: '=': conversion from 'double' to 'float', possible loss of data
M:\CMP405 Tools\Week 6\WFFC-Edit\WOFFCEdit\ToolMain.cpp(126,42): warning C4244: '=': conversion from 'int' to 'float', possible loss of data
M:\CMP405 Tools\Week 6\WFFC-Edit\WOFFCEdit\ToolMain.cpp(130,50): warning C4244: '=': conversion from 'double' to 'int', possible loss of data
M:\CMP405 Tools\Week 6\WFFC-Edit\WOFFCEdit\ToolMain.cpp(131,50): warning C4244: '=': conversion from 'double' to 'int', possible loss of data
M:\CMP405 Tools\Week 6\WFFC-Edit\WOFFCEdit\ToolMain.cpp(141,57): warning C4244: '=': conversion from 'double' to 'float', possible loss of data
M:\CMP405 Tools\Week 6\WFFC-Edit\WOFFCEdit\ToolMain.cpp(142,57): warning C4244: '=': conversion from 'double' to 'float', possible loss of data
M:\CMP405 Tools\Week 6\WFFC-Edit\WOFFCEdit\ToolMain.cpp(143,57): warning C4244: '=': conversion from 'double' to 'float', possible loss of data
M:\CMP405 Tools\Week 6\WFFC-Edit\WOFFCEdit\ToolMain.cpp(144,58): warning C4244: '=': conversion from 'double' to 'float', possible loss of data
M:\CMP405 Tools\Week 6\WFFC-Edit\WOFFCEdit\ToolMain.cpp(145,58): warning C4244: '=': conversion from 'double' to 'float', possible loss of data
M:\CMP405 Tools\Week 6\WFFC-Edit\WOFFCEdit\ToolMain.cpp(146,58): warning C4244: '=': conversion from 'double' to 'float', possible loss of data
M:\CMP405 Tools\Week 6\WFFC-Edit\WOFFCEdit\ToolMain.cpp(147,59): warning C4244: '=': conversion from 'double' to 'float', possible loss of data
M:\CMP405 Tools\Week 6\WFFC-Edit\WOFFCEdit\ToolMain.cpp(148,56): warning C4244: '=': conversion from 'double' to 'float', possible loss of data
M:\CMP405 Tools\Week 6\WFFC-Edit\WOFFCEdit\ToolMain.cpp(149,54): warning C4244: '=': conversion from 'double' to 'float', possible loss of data
M:\CMP405 Tools\Week 6\WFFC-Edit\WOFFCEdit\ToolMain.cpp(150,57): warning C4244: '=': conversion from 'double' to 'float', possible loss of data
  Generating Code...
  Win32SimpleSample.vcxproj -> M:\CMP405 Tools\Week 6\WFFC-Edit\WOFFCEdit\Debug\WoFEdit.exe
